<?xml version="1.0" encoding="UTF-8"?>
<!-- Generated by org.testng.reporters.JUnitReportReporter -->
<testsuite skipped="0" hostname="ARIKODYFAMILY" name="qaclickacademy.SeleniumTest" tests="2" failures="0" timestamp="2020-04-12T19:38:36 IST" time="0.025" errors="0">
  <testcase name="elementsUi" time="0.004" classname="qaclickacademy.SeleniumTest"/>
  <system-out/>
  <testcase name="BrowserAutomation" time="0.021" classname="qaclickacademy.SeleniumTest"/>
  <system-out/>
</testsuite> <!-- qaclickacademy.SeleniumTest -->
