<?xml version="1.0" encoding="UTF-8"?>
<!-- Generated by org.testng.reporters.JUnitReportReporter -->
<testsuite skipped="0" hostname="ARIKODYFAMILY" name="qaclickacademy.RestAPITest" tests="2" failures="0" timestamp="2020-04-12T19:38:36 IST" time="0.003" errors="0">
  <testcase name="deletetwitter" time="0.002" classname="qaclickacademy.RestAPITest"/>
  <system-out/>
  <testcase name="posjira" time="0.001" classname="qaclickacademy.RestAPITest"/>
  <system-out/>
</testsuite> <!-- qaclickacademy.RestAPITest -->
