<?xml version="1.0" encoding="UTF-8"?>
<!-- Generated by org.testng.reporters.JUnitReportReporter -->
<testsuite skipped="0" hostname="ARIKODYFAMILY" name="qaclickacademy.AppiumTest" tests="2" failures="0" timestamp="2020-04-12T19:37:22 IST" time="0.005" errors="0">
  <testcase name="IOSapps" time="0.002" classname="qaclickacademy.AppiumTest"/>
  <system-out/>
  <testcase name="NativeAndroid" time="0.003" classname="qaclickacademy.AppiumTest"/>
  <system-out/>
</testsuite> <!-- qaclickacademy.AppiumTest -->
